<?xml version="1.0" encoding="UTF-8"?>
<testng-results skipped="0" failed="0" ignored="0" total="1" passed="1">
  <reporter-output>
  </reporter-output>
  <suite name="WebDriver" duration-ms="5446" started-at="2021-01-03T14:38:09Z" finished-at="2021-01-03T14:38:15Z">
    <groups>
    </groups>
    <test name="Test" duration-ms="5446" started-at="2021-01-03T14:38:09Z" finished-at="2021-01-03T14:38:15Z">
      <class name="TestNG.tc1">
        <test-method status="PASS" signature="launch()[pri:0, instance:TestNG.tc1@56cbfb61]" name="launch" is-config="true" duration-ms="3153" started-at="2021-01-03T14:38:10Z" finished-at="2021-01-03T14:38:13Z">
          <reporter-output>
          </reporter-output>
        </test-method> <!-- launch -->
        <test-method status="PASS" signature="verfiy()[pri:0, instance:TestNG.tc1@56cbfb61]" name="verfiy" duration-ms="2083" started-at="2021-01-03T14:38:13Z" finished-at="2021-01-03T14:38:15Z">
          <reporter-output>
          </reporter-output>
        </test-method> <!-- verfiy -->
        <test-method status="PASS" signature="close()[pri:0, instance:TestNG.tc1@56cbfb61]" name="close" is-config="true" duration-ms="162" started-at="2021-01-03T14:38:15Z" finished-at="2021-01-03T14:38:15Z">
          <reporter-output>
          </reporter-output>
        </test-method> <!-- close -->
      </class> <!-- TestNG.tc1 -->
    </test> <!-- Test -->
  </suite> <!-- WebDriver -->
</testng-results>
